{"C:\\IMOVS\\CURSOS\\REACT\\gifs-app\\src\\GifsApp.tsx": {"path":"C:\\IMOVS\\CURSOS\\REACT\\gifs-app\\src\\GifsApp.tsx","statementMap":{"0":{"start":{"line":7,"column":23},"end":{"line":26,"column":null}},"1":{"start":{"line":9,"column":64},"end":{"line":9,"column":null}},"2":{"start":{"line":11,"column":2},"end":{"line":23,"column":null}}},"fnMap":{"0":{"name":"(anonymous_0)","decl":{"start":{"line":7,"column":23},"end":{"line":7,"column":null}},"loc":{"start":{"line":7,"column":23},"end":{"line":26,"column":null}},"line":7}},"branchMap":{},"s":{"0":1,"1":1,"2":1},"f":{"0":1},"b":{},"meta":{"lastBranch":0,"lastFunction":1,"lastStatement":3,"seen":{"s:7:23:26:Infinity":0,"f:7:23:7:Infinity":0,"s:9:64:9:Infinity":1,"s:11:2:23:Infinity":2}}}
,"C:\\IMOVS\\CURSOS\\REACT\\gifs-app\\src\\gifs\\actions\\get-gifs-by-query.action.ts": {"path":"C:\\IMOVS\\CURSOS\\REACT\\gifs-app\\src\\gifs\\actions\\get-gifs-by-query.action.ts","statementMap":{"0":{"start":{"line":5,"column":30},"end":{"line":31,"column":null}},"1":{"start":{"line":7,"column":2},"end":{"line":7,"column":null}},"2":{"start":{"line":7,"column":33},"end":{"line":7,"column":null}},"3":{"start":{"line":9,"column":2},"end":{"line":30,"column":null}},"4":{"start":{"line":10,"column":20},"end":{"line":17,"column":null}},"5":{"start":{"line":20,"column":4},"end":{"line":26,"column":null}},"6":{"start":{"line":20,"column":43},"end":{"line":26,"column":null}},"7":{"start":{"line":28,"column":4},"end":{"line":28,"column":null}},"8":{"start":{"line":29,"column":4},"end":{"line":29,"column":null}}},"fnMap":{"0":{"name":"(anonymous_0)","decl":{"start":{"line":5,"column":30},"end":{"line":5,"column":37}},"loc":{"start":{"line":5,"column":37},"end":{"line":31,"column":null}},"line":5},"1":{"name":"(anonymous_1)","decl":{"start":{"line":20,"column":33},"end":{"line":20,"column":34}},"loc":{"start":{"line":20,"column":43},"end":{"line":26,"column":null}},"line":20}},"branchMap":{"0":{"loc":{"start":{"line":7,"column":2},"end":{"line":7,"column":null}},"type":"if","locations":[{"start":{"line":7,"column":2},"end":{"line":7,"column":null}},{"start":{},"end":{}}],"line":7}},"s":{"0":3,"1":6,"2":1,"3":5,"4":5,"5":4,"6":40,"7":1,"8":1},"f":{"0":6,"1":40},"b":{"0":[1,5]},"meta":{"lastBranch":1,"lastFunction":2,"lastStatement":9,"seen":{"s:5:30:31:Infinity":0,"f:5:30:5:37":0,"b:7:2:7:Infinity:undefined:undefined:undefined:undefined":0,"s:7:2:7:Infinity":1,"s:7:33:7:Infinity":2,"s:9:2:30:Infinity":3,"s:10:20:17:Infinity":4,"s:20:4:26:Infinity":5,"f:20:33:20:34":1,"s:20:43:26:Infinity":6,"s:28:4:28:Infinity":7,"s:29:4:29:Infinity":8}}}
,"C:\\IMOVS\\CURSOS\\REACT\\gifs-app\\src\\gifs\\api\\giphy.api.ts": {"path":"C:\\IMOVS\\CURSOS\\REACT\\gifs-app\\src\\gifs\\api\\giphy.api.ts","statementMap":{"0":{"start":{"line":3,"column":24},"end":{"line":9,"column":null}}},"fnMap":{},"branchMap":{},"s":{"0":4},"f":{},"b":{},"meta":{"lastBranch":0,"lastFunction":0,"lastStatement":1,"seen":{"s:3:24:9:Infinity":0}}}
,"C:\\IMOVS\\CURSOS\\REACT\\gifs-app\\src\\gifs\\components\\GifsList.tsx": {"path":"C:\\IMOVS\\CURSOS\\REACT\\gifs-app\\src\\gifs\\components\\GifsList.tsx","statementMap":{"0":{"start":{"line":8,"column":35},"end":{"line":20,"column":null}},"1":{"start":{"line":9,"column":2},"end":{"line":12,"column":26}},"2":{"start":{"line":11,"column":17},"end":{"line":12,"column":26}}},"fnMap":{"0":{"name":"(anonymous_0)","decl":{"start":{"line":8,"column":35},"end":{"line":8,"column":36}},"loc":{"start":{"line":8,"column":51},"end":{"line":20,"column":null}},"line":8},"1":{"name":"(anonymous_1)","decl":{"start":{"line":11,"column":16},"end":{"line":11,"column":17}},"loc":{"start":{"line":11,"column":17},"end":{"line":12,"column":26}},"line":11}},"branchMap":{},"s":{"0":1,"1":1,"2":0},"f":{"0":1,"1":0},"b":{},"meta":{"lastBranch":0,"lastFunction":2,"lastStatement":3,"seen":{"s:8:35:20:Infinity":0,"f:8:35:8:36":0,"s:9:2:12:26":1,"f:11:16:11:17":1,"s:11:17:12:26":2}}}
,"C:\\IMOVS\\CURSOS\\REACT\\gifs-app\\src\\gifs\\components\\PreviousSearches.tsx": {"path":"C:\\IMOVS\\CURSOS\\REACT\\gifs-app\\src\\gifs\\components\\PreviousSearches.tsx","statementMap":{"0":{"start":{"line":8,"column":43},"end":{"line":21,"column":null}},"1":{"start":{"line":9,"column":2},"end":{"line":14,"column":25}},"2":{"start":{"line":13,"column":23},"end":{"line":14,"column":25}},"3":{"start":{"line":14,"column":40},"end":{"line":14,"column":null}}},"fnMap":{"0":{"name":"(anonymous_0)","decl":{"start":{"line":8,"column":43},"end":{"line":8,"column":44}},"loc":{"start":{"line":8,"column":70},"end":{"line":21,"column":null}},"line":8},"1":{"name":"(anonymous_1)","decl":{"start":{"line":13,"column":22},"end":{"line":13,"column":23}},"loc":{"start":{"line":13,"column":23},"end":{"line":14,"column":25}},"line":13},"2":{"name":"(anonymous_2)","decl":{"start":{"line":14,"column":34},"end":{"line":14,"column":40}},"loc":{"start":{"line":14,"column":40},"end":{"line":14,"column":null}},"line":14}},"branchMap":{},"s":{"0":1,"1":1,"2":0,"3":0},"f":{"0":1,"1":0,"2":0},"b":{},"meta":{"lastBranch":0,"lastFunction":3,"lastStatement":4,"seen":{"s:8:43:21:Infinity":0,"f:8:43:8:44":0,"s:9:2:14:25":1,"f:13:22:13:23":1,"s:13:23:14:25":2,"f:14:34:14:40":2,"s:14:40:14:Infinity":3}}}
,"C:\\IMOVS\\CURSOS\\REACT\\gifs-app\\src\\gifs\\hooks\\useGifs.tsx": {"path":"C:\\IMOVS\\CURSOS\\REACT\\gifs-app\\src\\gifs\\hooks\\useGifs.tsx","statementMap":{"0":{"start":{"line":5,"column":23},"end":{"line":45,"column":null}},"1":{"start":{"line":6,"column":23},"end":{"line":6,"column":null}},"2":{"start":{"line":7,"column":41},"end":{"line":7,"column":null}},"3":{"start":{"line":9,"column":8},"end":{"line":9,"column":null}},"4":{"start":{"line":11,"column":28},"end":{"line":20,"column":null}},"5":{"start":{"line":12,"column":4},"end":{"line":15,"column":null}},"6":{"start":{"line":13,"column":6},"end":{"line":13,"column":null}},"7":{"start":{"line":14,"column":6},"end":{"line":14,"column":null}},"8":{"start":{"line":17,"column":17},"end":{"line":17,"column":null}},"9":{"start":{"line":18,"column":4},"end":{"line":18,"column":null}},"10":{"start":{"line":19,"column":4},"end":{"line":19,"column":null}},"11":{"start":{"line":22,"column":23},"end":{"line":37,"column":null}},"12":{"start":{"line":23,"column":4},"end":{"line":23,"column":null}},"13":{"start":{"line":25,"column":4},"end":{"line":25,"column":null}},"14":{"start":{"line":25,"column":28},"end":{"line":25,"column":null}},"15":{"start":{"line":27,"column":4},"end":{"line":27,"column":null}},"16":{"start":{"line":27,"column":39},"end":{"line":27,"column":null}},"17":{"start":{"line":29,"column":4},"end":{"line":29,"column":null}},"18":{"start":{"line":31,"column":17},"end":{"line":31,"column":null}},"19":{"start":{"line":33,"column":4},"end":{"line":33,"column":null}},"20":{"start":{"line":35,"column":4},"end":{"line":35,"column":null}},"21":{"start":{"line":39,"column":2},"end":{"line":44,"column":null}}},"fnMap":{"0":{"name":"(anonymous_0)","decl":{"start":{"line":5,"column":23},"end":{"line":5,"column":null}},"loc":{"start":{"line":5,"column":23},"end":{"line":45,"column":null}},"line":5},"1":{"name":"(anonymous_1)","decl":{"start":{"line":11,"column":28},"end":{"line":11,"column":35}},"loc":{"start":{"line":11,"column":35},"end":{"line":20,"column":null}},"line":11},"2":{"name":"(anonymous_2)","decl":{"start":{"line":22,"column":23},"end":{"line":22,"column":30}},"loc":{"start":{"line":22,"column":30},"end":{"line":37,"column":null}},"line":22}},"branchMap":{"0":{"loc":{"start":{"line":12,"column":4},"end":{"line":15,"column":null}},"type":"if","locations":[{"start":{"line":12,"column":4},"end":{"line":15,"column":null}},{"start":{},"end":{}}],"line":12},"1":{"loc":{"start":{"line":25,"column":4},"end":{"line":25,"column":null}},"type":"if","locations":[{"start":{"line":25,"column":4},"end":{"line":25,"column":null}},{"start":{},"end":{}}],"line":25},"2":{"loc":{"start":{"line":27,"column":4},"end":{"line":27,"column":null}},"type":"if","locations":[{"start":{"line":27,"column":4},"end":{"line":27,"column":null}},{"start":{},"end":{}}],"line":27}},"s":{"0":2,"1":19,"2":19,"3":19,"4":19,"5":3,"6":1,"7":1,"8":2,"9":2,"10":2,"11":19,"12":10,"13":10,"14":0,"15":10,"16":0,"17":10,"18":10,"19":10,"20":10,"21":19},"f":{"0":19,"1":3,"2":10},"b":{"0":[1,2],"1":[0,10],"2":[0,10]},"meta":{"lastBranch":3,"lastFunction":3,"lastStatement":22,"seen":{"s:5:23:45:Infinity":0,"f:5:23:5:Infinity":0,"s:6:23:6:Infinity":1,"s:7:41:7:Infinity":2,"s:9:8:9:Infinity":3,"s:11:28:20:Infinity":4,"f:11:28:11:35":1,"b:12:4:15:Infinity:undefined:undefined:undefined:undefined":0,"s:12:4:15:Infinity":5,"s:13:6:13:Infinity":6,"s:14:6:14:Infinity":7,"s:17:17:17:Infinity":8,"s:18:4:18:Infinity":9,"s:19:4:19:Infinity":10,"s:22:23:37:Infinity":11,"f:22:23:22:30":2,"s:23:4:23:Infinity":12,"b:25:4:25:Infinity:undefined:undefined:undefined:undefined":1,"s:25:4:25:Infinity":13,"s:25:28:25:Infinity":14,"b:27:4:27:Infinity:undefined:undefined:undefined:undefined":2,"s:27:4:27:Infinity":15,"s:27:39:27:Infinity":16,"s:29:4:29:Infinity":17,"s:31:17:31:Infinity":18,"s:33:4:33:Infinity":19,"s:35:4:35:Infinity":20,"s:39:2:44:Infinity":21}}}
,"C:\\IMOVS\\CURSOS\\REACT\\gifs-app\\src\\shared\\components\\CustomHeader.tsx": {"path":"C:\\IMOVS\\CURSOS\\REACT\\gifs-app\\src\\shared\\components\\CustomHeader.tsx","statementMap":{"0":{"start":{"line":6,"column":28},"end":{"line":15,"column":null}},"1":{"start":{"line":7,"column":2},"end":{"line":11,"column":null}}},"fnMap":{"0":{"name":"(anonymous_0)","decl":{"start":{"line":6,"column":28},"end":{"line":6,"column":29}},"loc":{"start":{"line":6,"column":58},"end":{"line":15,"column":null}},"line":6}},"branchMap":{"0":{"loc":{"start":{"line":11,"column":8},"end":{"line":11,"column":null}},"type":"binary-expr","locations":[{"start":{"line":11,"column":8},"end":{"line":11,"column":23}},{"start":{"line":11,"column":8},"end":{"line":11,"column":null}}],"line":11}},"s":{"0":2,"1":4},"f":{"0":4},"b":{"0":[4,2]},"meta":{"lastBranch":1,"lastFunction":1,"lastStatement":2,"seen":{"s:6:28:15:Infinity":0,"f:6:28:6:29":0,"s:7:2:11:Infinity":1,"b:11:8:11:23:11:8:11:Infinity":0}}}
,"C:\\IMOVS\\CURSOS\\REACT\\gifs-app\\src\\shared\\components\\SearchBar.tsx": {"path":"C:\\IMOVS\\CURSOS\\REACT\\gifs-app\\src\\shared\\components\\SearchBar.tsx","statementMap":{"0":{"start":{"line":8,"column":25},"end":{"line":43,"column":null}},"1":{"start":{"line":9,"column":25},"end":{"line":9,"column":null}},"2":{"start":{"line":11,"column":2},"end":{"line":19,"column":null}},"3":{"start":{"line":12,"column":22},"end":{"line":14,"column":null}},"4":{"start":{"line":13,"column":6},"end":{"line":13,"column":null}},"5":{"start":{"line":16,"column":4},"end":{"line":18,"column":null}},"6":{"start":{"line":17,"column":6},"end":{"line":17,"column":null}},"7":{"start":{"line":21,"column":23},"end":{"line":24,"column":null}},"8":{"start":{"line":22,"column":4},"end":{"line":22,"column":null}},"9":{"start":{"line":23,"column":4},"end":{"line":23,"column":null}},"10":{"start":{"line":26,"column":24},"end":{"line":29,"column":null}},"11":{"start":{"line":27,"column":4},"end":{"line":28,"column":null}},"12":{"start":{"line":28,"column":6},"end":{"line":28,"column":null}},"13":{"start":{"line":31,"column":2},"end":{"line":40,"column":null}},"14":{"start":{"line":37,"column":29},"end":{"line":37,"column":null}}},"fnMap":{"0":{"name":"(anonymous_0)","decl":{"start":{"line":8,"column":25},"end":{"line":8,"column":26}},"loc":{"start":{"line":8,"column":68},"end":{"line":43,"column":null}},"line":8},"1":{"name":"(anonymous_1)","decl":{"start":{"line":11,"column":12},"end":{"line":11,"column":null}},"loc":{"start":{"line":11,"column":12},"end":{"line":19,"column":5}},"line":11},"2":{"name":"(anonymous_2)","decl":{"start":{"line":12,"column":33},"end":{"line":12,"column":null}},"loc":{"start":{"line":12,"column":33},"end":{"line":14,"column":7}},"line":12},"3":{"name":"(anonymous_3)","decl":{"start":{"line":16,"column":11},"end":{"line":16,"column":null}},"loc":{"start":{"line":16,"column":11},"end":{"line":18,"column":null}},"line":16},"4":{"name":"(anonymous_4)","decl":{"start":{"line":21,"column":23},"end":{"line":21,"column":null}},"loc":{"start":{"line":21,"column":23},"end":{"line":24,"column":null}},"line":21},"5":{"name":"(anonymous_5)","decl":{"start":{"line":26,"column":24},"end":{"line":26,"column":25}},"loc":{"start":{"line":26,"column":25},"end":{"line":29,"column":null}},"line":26},"6":{"name":"(anonymous_6)","decl":{"start":{"line":37,"column":18},"end":{"line":37,"column":19}},"loc":{"start":{"line":37,"column":29},"end":{"line":37,"column":null}},"line":37}},"branchMap":{"0":{"loc":{"start":{"line":8,"column":28},"end":{"line":8,"column":50}},"type":"default-arg","locations":[{"start":{"line":8,"column":42},"end":{"line":8,"column":50}}],"line":8},"1":{"loc":{"start":{"line":27,"column":4},"end":{"line":28,"column":null}},"type":"if","locations":[{"start":{"line":27,"column":4},"end":{"line":28,"column":null}},{"start":{},"end":{}}],"line":27}},"s":{"0":2,"1":13,"2":13,"3":13,"4":2,"5":13,"6":13,"7":13,"8":1,"9":1,"10":13,"11":0,"12":0,"13":13,"14":6},"f":{"0":13,"1":13,"2":2,"3":13,"4":1,"5":0,"6":6},"b":{"0":[13],"1":[0,0]},"meta":{"lastBranch":2,"lastFunction":7,"lastStatement":15,"seen":{"s:8:25:43:Infinity":0,"f:8:25:8:26":0,"b:8:42:8:50":0,"s:9:25:9:Infinity":1,"s:11:2:19:Infinity":2,"f:11:12:11:Infinity":1,"s:12:22:14:Infinity":3,"f:12:33:12:Infinity":2,"s:13:6:13:Infinity":4,"s:16:4:18:Infinity":5,"f:16:11:16:Infinity":3,"s:17:6:17:Infinity":6,"s:21:23:24:Infinity":7,"f:21:23:21:Infinity":4,"s:22:4:22:Infinity":8,"s:23:4:23:Infinity":9,"s:26:24:29:Infinity":10,"f:26:24:26:25":5,"b:27:4:28:Infinity:undefined:undefined:undefined:undefined":1,"s:27:4:28:Infinity":11,"s:28:6:28:Infinity":12,"s:31:2:40:Infinity":13,"f:37:18:37:19":6,"s:37:29:37:Infinity":14}}}
,"C:\\IMOVS\\CURSOS\\REACT\\gifs-app\\tests\\mocks\\giphy.response.data.ts": {"path":"C:\\IMOVS\\CURSOS\\REACT\\gifs-app\\tests\\mocks\\giphy.response.data.ts","statementMap":{"0":{"start":{"line":1,"column":39},"end":{"line":2086,"column":null}}},"fnMap":{},"branchMap":{},"s":{"0":1},"f":{},"b":{},"meta":{"lastBranch":0,"lastFunction":0,"lastStatement":1,"seen":{"s:1:39:2086:Infinity":0}}}
}
